<?xml version="1.0" encoding="UTF-8"?>
<testsuite xmlns:xsi="http://www.w3.org/2001/XMLSchema-instance" xsi:noNamespaceSchemaLocation="https://maven.apache.org/surefire/maven-surefire-plugin/xsd/surefire-test-report.xsd" name="com.mycompany.app1.AppTest" time="0.05" tests="1" errors="0" skipped="0" failures="0">
  <properties>
    <property name="sun.desktop" value="windows"/>
    <property name="awt.toolkit" value="sun.awt.windows.WToolkit"/>
    <property name="file.encoding.pkg" value="sun.io"/>
    <property name="java.specification.version" value="1.8"/>
    <property name="sun.cpu.isalist" value="amd64"/>
    <property name="sun.jnu.encoding" value="Cp1252"/>
    <property name="java.class.path" value="E:\JenPrac\mvn_workspace\my-app1\target\test-classes;E:\JenPrac\mvn_workspace\my-app1\target\classes;C:\Users\ICT SYSTEMS\.m2\repository\junit\junit\4.11\junit-4.11.jar;C:\Users\ICT SYSTEMS\.m2\repository\org\hamcrest\hamcrest-core\1.3\hamcrest-core-1.3.jar;"/>
    <property name="java.vm.vendor" value="Oracle Corporation"/>
    <property name="sun.arch.data.model" value="64"/>
    <property name="user.variant" value=""/>
    <property name="java.vendor.url" value="http://java.oracle.com/"/>
    <property name="user.timezone" value="Asia/Calcutta"/>
    <property name="java.vm.specification.version" value="1.8"/>
    <property name="os.name" value="Windows 10"/>
    <property name="user.country" value="IN"/>
    <property name="sun.java.launcher" value="SUN_STANDARD"/>
    <property name="sun.boot.library.path" value="E:\installations\jdk8\jre\bin"/>
    <property name="sun.java.command" value="C:\Users\ICTSYS~1\AppData\Local\Temp\surefire1303204309460372883\surefirebooter862843427525052681.jar C:\Users\ICT SYSTEMS\AppData\Local\Temp\surefire1303204309460372883 2019-02-22T18-59-32_575-jvmRun1 surefire8449135682084096635tmp surefire_09310279791312488tmp"/>
    <property name="surefire.test.class.path" value="E:\JenPrac\mvn_workspace\my-app1\target\test-classes;E:\JenPrac\mvn_workspace\my-app1\target\classes;C:\Users\ICT SYSTEMS\.m2\repository\junit\junit\4.11\junit-4.11.jar;C:\Users\ICT SYSTEMS\.m2\repository\org\hamcrest\hamcrest-core\1.3\hamcrest-core-1.3.jar;"/>
    <property name="sun.cpu.endian" value="little"/>
    <property name="user.home" value="C:\Users\ICT SYSTEMS"/>
    <property name="user.language" value="en"/>
    <property name="java.specification.vendor" value="Oracle Corporation"/>
    <property name="java.home" value="E:\installations\jdk8\jre"/>
    <property name="basedir" value="E:\JenPrac\mvn_workspace\my-app1"/>
    <property name="file.separator" value="\"/>
    <property name="line.separator" value="&#10;"/>
    <property name="java.vm.specification.vendor" value="Oracle Corporation"/>
    <property name="java.specification.name" value="Java Platform API Specification"/>
    <property name="java.awt.graphicsenv" value="sun.awt.Win32GraphicsEnvironment"/>
    <property name="surefire.real.class.path" value="C:\Users\ICTSYS~1\AppData\Local\Temp\surefire1303204309460372883\surefirebooter862843427525052681.jar"/>
    <property name="sun.boot.class.path" value="E:\installations\jdk8\jre\lib\resources.jar;E:\installations\jdk8\jre\lib\rt.jar;E:\installations\jdk8\jre\lib\sunrsasign.jar;E:\installations\jdk8\jre\lib\jsse.jar;E:\installations\jdk8\jre\lib\jce.jar;E:\installations\jdk8\jre\lib\charsets.jar;E:\installations\jdk8\jre\lib\jfr.jar;E:\installations\jdk8\jre\classes"/>
    <property name="user.script" value=""/>
    <property name="sun.management.compiler" value="HotSpot 64-Bit Tiered Compilers"/>
    <property name="java.runtime.version" value="1.8.0_202-b08"/>
    <property name="user.name" value="ICT SYSTEMS"/>
    <property name="path.separator" value=";"/>
    <property name="os.version" value="10.0"/>
    <property name="java.endorsed.dirs" value="E:\installations\jdk8\jre\lib\endorsed"/>
    <property name="java.runtime.name" value="Java(TM) SE Runtime Environment"/>
    <property name="file.encoding" value="Cp1252"/>
    <property name="java.vm.name" value="Java HotSpot(TM) 64-Bit Server VM"/>
    <property name="localRepository" value="C:\Users\ICT SYSTEMS\.m2\repository"/>
    <property name="java.vendor.url.bug" value="http://bugreport.sun.com/bugreport/"/>
    <property name="java.io.tmpdir" value="C:\Users\ICTSYS~1\AppData\Local\Temp\"/>
    <property name="java.version" value="1.8.0_202"/>
    <property name="user.dir" value="E:\JenPrac\mvn_workspace\my-app1"/>
    <property name="os.arch" value="amd64"/>
    <property name="java.vm.specification.name" value="Java Virtual Machine Specification"/>
    <property name="java.awt.printerjob" value="sun.awt.windows.WPrinterJob"/>
    <property name="sun.os.patch.level" value=""/>
    <property name="java.library.path" value="E:\installations\jdk8\jre\bin;C:\windows\Sun\Java\bin;C:\windows\system32;C:\windows;C:\Program Files (x86)\Common Files\Oracle\Java\javapath;C:\windows\system32;C:\windows;C:\windows\System32\Wbem;C:\windows\System32\WindowsPowerShell\v1.0\;C:\windows\System32\OpenSSH\;C:\Program Files (x86)\Intel\Intel(R) Management Engine Components\DAL;C:\Program Files\Intel\Intel(R) Management Engine Components\DAL;C:\Program Files (x86)\Intel\Intel(R) Management Engine Components\IPT;C:\Program Files\Intel\Intel(R) Management Engine Components\IPT;E:\installations\Git\cmd;E:\installations\nodejs\;E:\installations\jdk8\bin;E:\installations\jdk8\jre\bin;E:\downloads\opt\apache-maven-3.6.0\bin;C:\Users\ICT SYSTEMS\AppData\Local\Microsoft\WindowsApps;E:\installations\jdk8\bin;C:\Users\ICT SYSTEMS\AppData\Roaming\npm;E:\downloads\opt\apache-maven-3.6.0\bin;;."/>
    <property name="java.vm.info" value="mixed mode"/>
    <property name="java.vendor" value="Oracle Corporation"/>
    <property name="java.vm.version" value="25.202-b08"/>
    <property name="java.ext.dirs" value="E:\installations\jdk8\jre\lib\ext;C:\windows\Sun\Java\lib\ext"/>
    <property name="sun.io.unicode.encoding" value="UnicodeLittle"/>
    <property name="java.class.version" value="52.0"/>
  </properties>
  <testcase name="shouldAnswerWithTrue" classname="com.mycompany.app1.AppTest" time="0.003"/>
</testsuite>